2026-01-05 11:54:01,820 - config - INFO - 开始加载应用配置...
2026-01-05 11:54:01,822 - config - INFO - 配置加载成功
2026-01-05 11:54:01,822 - config - INFO - API_URL: https://api.302.ai/ws/api/v3/google/nano-banana-pro/edit
2026-01-05 11:54:01,822 - config - INFO - MEDIA_ROOT: ./media
2026-01-05 11:54:01,822 - config - INFO - PUBLIC_BASE_URL: 
2026-01-05 11:56:07,258 - config - INFO - 开始加载应用配置...
2026-01-05 11:56:07,261 - config - INFO - 配置加载成功
2026-01-05 11:56:07,263 - config - INFO - API_URL: https://api.302.ai/ws/api/v3/google/nano-banana-pro/edit
2026-01-05 11:56:07,263 - config - INFO - MEDIA_ROOT: ./media
2026-01-05 11:56:07,264 - config - INFO - PUBLIC_BASE_URL: 
2026-01-05 11:56:18,112 - config - INFO - 开始加载应用配置...
2026-01-05 11:56:18,114 - config - INFO - 配置加载成功
2026-01-05 11:56:18,114 - config - INFO - API_URL: https://api.302.ai/ws/api/v3/google/nano-banana-pro/edit
2026-01-05 11:56:18,114 - config - INFO - MEDIA_ROOT: ./media
2026-01-05 11:56:18,114 - config - INFO - PUBLIC_BASE_URL: 
2026-01-05 11:57:07,803 - config - INFO - 开始加载应用配置...
2026-01-05 11:57:07,803 - config - INFO - 配置加载成功
2026-01-05 11:57:07,803 - config - INFO - API_URL: https://api.302.ai/ws/api/v3/google/nano-banana-pro/edit
2026-01-05 11:57:07,804 - config - INFO - MEDIA_ROOT: ./media
2026-01-05 11:57:07,804 - config - INFO - PUBLIC_BASE_URL: 
2026-01-05 12:04:03,098 - config - INFO - 开始加载应用配置...
2026-01-05 12:04:03,099 - config - INFO - 配置加载成功
2026-01-05 12:04:03,099 - config - INFO - API_URL: https://api.302.ai/ws/api/v3/google/nano-banana-pro/edit
2026-01-05 12:04:03,099 - config - INFO - MEDIA_ROOT: ./media
2026-01-05 12:04:03,099 - config - INFO - PUBLIC_BASE_URL: 
2026-01-05 12:11:33,660 - config - INFO - 开始加载应用配置...
2026-01-05 12:11:33,660 - config - INFO - 配置加载成功
2026-01-05 12:11:33,660 - config - INFO - API_URL: https://api.302.ai/ws/api/v3/google/nano-banana-pro/edit
2026-01-05 12:11:33,661 - config - INFO - MEDIA_ROOT: ./media
2026-01-05 12:11:33,661 - config - INFO - PUBLIC_BASE_URL: 
2026-01-05 12:21:41,998 - config - INFO - 开始加载应用配置...
2026-01-05 12:21:42,000 - config - INFO - 配置加载成功
2026-01-05 12:21:42,000 - config - INFO - API_URL: https://api.302.ai/ws/api/v3/google/nano-banana-pro/edit
2026-01-05 12:21:42,000 - config - INFO - MEDIA_ROOT: ./media
2026-01-05 12:21:42,000 - config - INFO - PUBLIC_BASE_URL: 
2026-01-05 13:02:07,296 - config - INFO - 开始加载应用配置...
2026-01-05 13:02:07,297 - config - INFO - 配置加载成功
2026-01-05 13:02:07,297 - config - INFO - API_URL: https://api.302.ai/ws/api/v3/google/nano-banana-pro/edit
2026-01-05 13:02:07,297 - config - INFO - MEDIA_ROOT: ./media
2026-01-05 13:02:07,297 - config - INFO - PUBLIC_BASE_URL: 
2026-01-05 13:02:55,655 - main - INFO - 接收到商品主图生成请求
2026-01-05 13:02:55,655 - MCPP_main - INFO - MCPP_main start
2026-01-05 13:02:55,655 - MCPP_main - INFO - 加载了参考图像: D:\LLS\Code\combination_fork\app\input\reference_main.jpg
2026-01-05 13:02:55,723 - http - INFO - 发起 POST 请求到 API: https://api.302.ai/ws/api/v3/google/nano-banana-pro/edit
2026-01-05 13:03:39,873 - http - INFO - API 响应状态码: 200
2026-01-05 13:03:39,874 - http - INFO - API 请求成功，返回有效 JSON 响应
2026-01-05 13:03:39,877 - MCPP_main - INFO - MCPP_main success (sync)
2026-01-05 13:03:39,879 - main - INFO - 商品主图生成请求处理成功
2026-01-05 13:05:32,712 - main - INFO - 接收到商品主图生成请求
2026-01-05 13:05:32,712 - MCPP_main - INFO - MCPP_main start
2026-01-05 13:05:32,712 - MCPP_main - INFO - 加载了参考图像: D:\LLS\Code\combination_fork\app\input\reference_main.jpg
2026-01-05 13:05:32,754 - http - INFO - 发起 POST 请求到 API: https://api.302.ai/ws/api/v3/google/nano-banana-pro/edit
2026-01-05 13:06:20,212 - http - INFO - API 响应状态码: 200
2026-01-05 13:06:20,214 - http - INFO - API 请求成功，返回有效 JSON 响应
2026-01-05 13:06:20,215 - MCPP_main - INFO - MCPP_main success (sync)
2026-01-05 13:06:20,217 - main - INFO - 商品主图生成请求处理成功
2026-01-05 13:13:34,254 - config - INFO - 开始加载应用配置...
2026-01-05 13:13:34,257 - config - INFO - 配置加载成功
2026-01-05 13:13:34,257 - config - INFO - API_URL: https://api.302.ai/ws/api/v3/google/nano-banana-pro/edit
2026-01-05 13:13:34,257 - config - INFO - MEDIA_ROOT: ./media
2026-01-05 13:13:34,257 - config - INFO - PUBLIC_BASE_URL: 
2026-01-05 13:13:55,233 - main - INFO - 接收到商品主图生成请求
2026-01-05 13:13:55,235 - MCPP_main - INFO - MCPP_main start
2026-01-05 13:13:55,235 - MCPP_main - INFO - 加载了参考图像: D:\LLS\Code\combination_fork\app\input\reference_main.jpg
2026-01-05 13:13:55,309 - http - INFO - 发起 POST 请求到 API: https://api.302.ai/ws/api/v3/google/nano-banana-pro/edit
2026-01-05 13:14:55,464 - http - INFO - API 响应状态码: 200
2026-01-05 13:14:55,466 - http - INFO - API 请求成功，返回有效 JSON 响应
2026-01-05 13:14:55,468 - MCPP_main - INFO - MCPP_main success (sync)
2026-01-05 13:14:55,473 - main - INFO - 商品主图生成请求处理成功
2026-01-05 13:17:08,980 - main - INFO - 接收到商品主图生成请求
2026-01-05 13:17:08,980 - MCPP_main - INFO - MCPP_main start
2026-01-05 13:17:08,981 - MCPP_main - INFO - 加载了参考图像: D:\LLS\Code\combination_fork\app\input\reference_main.jpg
2026-01-05 13:17:09,014 - http - INFO - 发起 POST 请求到 API: https://api.302.ai/ws/api/v3/google/nano-banana-pro/edit
2026-01-05 13:18:23,968 - http - INFO - API 响应状态码: 200
2026-01-05 13:18:23,970 - http - INFO - API 请求成功，返回有效 JSON 响应
2026-01-05 13:18:23,972 - MCPP_main - INFO - MCPP_main success (sync)
2026-01-05 13:18:23,977 - main - INFO - 商品主图生成请求处理成功
2026-01-05 13:23:58,272 - config - INFO - 开始加载应用配置...
2026-01-05 13:23:58,275 - config - INFO - 配置加载成功
2026-01-05 13:23:58,275 - config - INFO - API_URL: https://api.302.ai/ws/api/v3/google/nano-banana-pro/edit
2026-01-05 13:23:58,275 - config - INFO - MEDIA_ROOT: ./media
2026-01-05 13:23:58,275 - config - INFO - PUBLIC_BASE_URL: 
2026-01-05 13:26:26,386 - main - INFO - 接收到商品尺寸图生成请求
2026-01-05 13:26:26,388 - MCPP_main - INFO - MCPP_main start
2026-01-05 13:26:26,388 - MCPP_main - INFO - 加载了参考图像: D:\LLS\Code\combination_fork\app\input\reference_size.jpg
2026-01-05 13:26:26,427 - http - INFO - 发起 POST 请求到 API: https://api.302.ai/ws/api/v3/google/nano-banana-pro/edit
